==============================================================================
Final Project                                                                 
==============================================================================
Final Project.TestCases                                                       
==============================================================================
Final Project.TestCases.Test Computerservice :: Tests to validate Computer ...
==============================================================================
Validate Search Field                                                 | PASS |
------------------------------------------------------------------------------
Validate for news field                                               | PASS |
------------------------------------------------------------------------------
Validate the blog field                                               | PASS |
------------------------------------------------------------------------------
Validate recently viewed products                                     | PASS |
------------------------------------------------------------------------------
Final Project.TestCases.Test Computerservice :: Tests to validate ... | PASS |
4 tests, 4 passed, 0 failed
==============================================================================
Final Project.TestCases                                               | PASS |
4 tests, 4 passed, 0 failed
==============================================================================
Final Project                                                         | PASS |
4 tests, 4 passed, 0 failed
==============================================================================
Output:  D:\final_project\pabot_results\1\output.xml
